12.06.2025, 12:34:11 + "
" [ERROR] + "
" (printf.js:11): Возникла ошибка в deleteUser: Cannot set headers after they are sent to the client
12.06.2025, 12:38:03 + "
" [ERROR] + "
" (printf.js:11): Ошибка: res.clearCookie is not a function
12.06.2025, 14:30:17 + "
" [ERROR] + "
" (printf.js:11): duplicate key value violates unique constraint "users_email_key"
12.06.2025, 14:34:58 + "
" [ERROR] + "
" (printf.js:11): Возникла ошибка в deleteUser: res.clearCookie is not a function
12.06.2025, 18:46:56 + "
" [ERROR] + "
" (printf.js:11): Возникла ошибка в createStorageTables :  the database system is shutting down
22.06.2025, 18:46:39 + "
" [ERROR] + "
" (printf.js:11): Ошибка в deletePurchase :  invalid input syntax for type integer: "undefined"
22.06.2025, 18:47:58 + "
" [ERROR] + "
" (printf.js:11): Ошибка в deletePurchase :  invalid input syntax for type integer: "undefined"
22.06.2025, 18:48:35 + "
" [ERROR] + "
" (printf.js:11): Ошибка в deletePurchase :  invalid input syntax for type integer: "undefined"
23.06.2025, 11:06:03 + "
" [ERROR] + "
" (printf.js:11): Cannot destructure property 'email' of 'req.body.data' as it is undefined.
23.06.2025, 11:07:19 + "
" [ERROR] + "
" (printf.js:11): Cannot destructure property 'email' of 'req.body.data' as it is undefined.
23.06.2025, 11:07:24 + "
" [ERROR] + "
" (printf.js:11): Cannot destructure property 'email' of 'req.body.data' as it is undefined.
23.06.2025, 11:08:12 + "
" [ERROR] + "
" (printf.js:11): Cannot destructure property 'email' of 'req.body.data' as it is undefined.
23.06.2025, 11:08:31 + "
" [ERROR] + "
" (printf.js:11): Cannot destructure property 'email' of 'req.body.data' as it is undefined.
23.06.2025, 11:08:35 + "
" [ERROR] + "
" (printf.js:11): Cannot destructure property 'email' of 'req.body.data' as it is undefined.
23.06.2025, 11:08:35 + "
" [ERROR] + "
" (printf.js:11): Cannot destructure property 'email' of 'req.body.data' as it is undefined.
23.06.2025, 11:10:40 + "
" [ERROR] + "
" (printf.js:11): Cannot destructure property 'email' of 'req.body.data' as it is undefined.
23.06.2025, 11:11:10 + "
" [ERROR] + "
" (printf.js:11): Cannot destructure property 'email' of 'req.body.data' as it is undefined.
23.06.2025, 11:11:52 + "
" [ERROR] + "
" (printf.js:11): Cannot destructure property 'email' of 'req.body.data' as it is undefined.
23.06.2025, 17:00:05 + "
" [ERROR] + "
" (printf.js:11): Ошибка в парсере тэгов: node:fs:448
    return binding.readFileUtf8(path, stringToFlags(options.flag));
                   ^

Error: ENOENT: no such file or directory, open '/Users/nazarkuratnikov/Desktop/Project X /markcomb/src/backend/parsers/cookies.json'
    at Object.readFileSync (node:fs:448:20)
    at loadCookies (file:///Users/nazarkuratnikov/Desktop/MarkComb/MarkComb/src/backend/parsers/tagsParser.js:17:8)
    at getYouTubeKeywords (file:///Users/nazarkuratnikov/Desktop/MarkComb/MarkComb/src/backend/parsers/tagsParser.js:81:9)
    at async tagsReceiptAutomation (file:///Users/nazarkuratnikov/Desktop/MarkComb/MarkComb/src/backend/parsers/tagsParser.js:140:18)
    at async file:///Users/nazarkuratnikov/Desktop/MarkComb/MarkComb/src/backend/parsers/tagsParser.js:157:3 {
  errno: -2,
  code: 'ENOENT',
  syscall: 'open',
  path: '/Users/nazarkuratnikov/Desktop/Project X /markcomb/src/backend/parsers/cookies.json'
}

Node.js v20.17.0

23.06.2025, 17:01:12 + "
" [ERROR] + "
" (printf.js:11):  (run-channelsparser) Ошибка при парсинге данных:  Expected property name or '}' in JSON at position 4
23.06.2025, 17:02:22 + "
" [ERROR] + "
" (printf.js:11):  (run-channelsparser) Ошибка при парсинге данных:  Expected property name or '}' in JSON at position 4
23.06.2025, 17:02:38 + "
" [ERROR] + "
" (printf.js:11):  (run-channelsparser) Ошибка при парсинге данных:  Expected property name or '}' in JSON at position 4
23.06.2025, 17:02:45 + "
" [ERROR] + "
" (printf.js:11):  (run-channelsparser) Ошибка при парсинге данных:  Expected property name or '}' in JSON at position 4
23.06.2025, 17:02:49 + "
" [ERROR] + "
" (printf.js:11):  (run-channelsparser) Ошибка при парсинге данных:  Expected property name or '}' in JSON at position 4
23.06.2025, 17:03:07 + "
" [ERROR] + "
" (printf.js:11):  (run-channelsparser) Ошибка при парсинге данных:  Expected property name or '}' in JSON at position 4
23.06.2025, 17:03:10 + "
" [ERROR] + "
" (printf.js:11):  (run-channelsparser) Ошибка при парсинге данных:  Expected property name or '}' in JSON at position 4
23.06.2025, 17:03:21 + "
" [ERROR] + "
" (printf.js:11):  (run-channelsparser) Ошибка при парсинге данных:  Expected property name or '}' in JSON at position 4
23.06.2025, 17:03:43 + "
" [ERROR] + "
" (printf.js:11):  (run-channelsparser) Ошибка при парсинге данных:  Expected property name or '}' in JSON at position 4
23.06.2025, 17:03:46 + "
" [ERROR] + "
" (printf.js:11):  (run-channelsparser) Ошибка при парсинге данных:  Expected property name or '}' in JSON at position 4
23.06.2025, 17:07:46 + "
" [ERROR] + "
" (printf.js:11):  (run-channelsparser) Ошибка при парсинге данных:  Expected property name or '}' in JSON at position 4
23.06.2025, 17:07:54 + "
" [ERROR] + "
" (printf.js:11):  (run-channelsparser) Ошибка при парсинге данных:  Expected property name or '}' in JSON at position 4
23.06.2025, 17:07:55 + "
" [ERROR] + "
" (printf.js:11):  (run-channelsparser) Ошибка при парсинге данных:  Expected property name or '}' in JSON at position 4
23.06.2025, 17:08:27 + "
" [ERROR] + "
" (printf.js:11):  (run-channelsparser) Ошибка при парсинге данных:  Expected property name or '}' in JSON at position 4
23.06.2025, 17:08:52 + "
" [ERROR] + "
" (printf.js:11):  (run-channelsparser) Ошибка при парсинге данных:  Expected property name or '}' in JSON at position 4
23.06.2025, 17:09:27 + "
" [ERROR] + "
" (printf.js:11):  (run-channelsparser) Ошибка при парсинге данных:  Unexpected token 'Ч', "ЧЛЕЕЕн {
 "... is not valid JSON
23.06.2025, 17:10:11 + "
" [ERROR] + "
" (printf.js:11):  (run-channelsparser) Ошибка при парсинге данных:  Unexpected token ''', "[
  'mc',
  'g"... is not valid JSON
09.07.2025, 21:13:43 + "
" [ERROR] + "
" (printf.js:11): duplicate key value violates unique constraint "users_email_key"
09.07.2025, 21:23:45 + "
" [ERROR] + "
" (printf.js:11): duplicate key value violates unique constraint "users_email_key"
09.07.2025, 21:27:36 + "
" [ERROR] + "
" (printf.js:11): duplicate key value violates unique constraint "users_email_key"
10.07.2025, 17:22:09 + "
" [ERROR] + "
" (printf.js:11): duplicate key value violates unique constraint "users_email_key"
10.07.2025, 17:28:41 + "
" [ERROR] + "
" (printf.js:11): duplicate key value violates unique constraint "users_email_key"
10.07.2025, 17:34:05 + "
" [ERROR] + "
" (printf.js:11): duplicate key value violates unique constraint "users_email_key"
10.07.2025, 17:35:35 + "
" [ERROR] + "
" (printf.js:11): duplicate key value violates unique constraint "users_email_key"
10.07.2025, 17:48:58 + "
" [ERROR] + "
" (printf.js:11): duplicate key value violates unique constraint "users_email_key"
10.07.2025, 17:53:50 + "
" [ERROR] + "
" (printf.js:11): duplicate key value violates unique constraint "users_email_key"
23.07.2025, 18:31:07 + "
" [ERROR] + "
" (printf.js:11): Возникла ошибка в logIn: data and hash arguments required
23.07.2025, 18:31:12 + "
" [ERROR] + "
" (printf.js:11): Возникла ошибка в logIn: data and hash arguments required
23.07.2025, 18:31:14 + "
" [ERROR] + "
" (printf.js:11): Возникла ошибка в logIn: data and hash arguments required
23.07.2025, 18:31:15 + "
" [ERROR] + "
" (printf.js:11): Возникла ошибка в logIn: data and hash arguments required
23.07.2025, 18:31:15 + "
" [ERROR] + "
" (printf.js:11): Возникла ошибка в logIn: data and hash arguments required
23.07.2025, 18:31:15 + "
" [ERROR] + "
" (printf.js:11): Возникла ошибка в logIn: data and hash arguments required
23.07.2025, 18:31:16 + "
" [ERROR] + "
" (printf.js:11): Возникла ошибка в logIn: data and hash arguments required
23.07.2025, 18:31:23 + "
" [ERROR] + "
" (printf.js:11): Возникла ошибка в logIn: data and hash arguments required
22.08.2025, 19:55:18 + "
" [ERROR] + "
" (printf.js:11): Cannot destructure property 'email' of 'req.body.data' as it is undefined.
22.08.2025, 19:55:46 + "
" [ERROR] + "
" (printf.js:11): Cannot destructure property 'email' of 'req.body.data' as it is undefined.
22.08.2025, 19:55:46 + "
" [ERROR] + "
" (printf.js:11): Cannot destructure property 'email' of 'req.body.data' as it is undefined.
22.08.2025, 19:55:47 + "
" [ERROR] + "
" (printf.js:11): Cannot destructure property 'email' of 'req.body.data' as it is undefined.
22.08.2025, 19:55:47 + "
" [ERROR] + "
" (printf.js:11): Cannot destructure property 'email' of 'req.body.data' as it is undefined.
22.08.2025, 19:57:03 + "
" [ERROR] + "
" (printf.js:11): Cannot destructure property 'email' of 'req.body.data' as it is undefined.
22.08.2025, 19:57:03 + "
" [ERROR] + "
" (printf.js:11): Cannot destructure property 'email' of 'req.body.data' as it is undefined.
22.08.2025, 19:57:05 + "
" [ERROR] + "
" (printf.js:11): Cannot destructure property 'email' of 'req.body.data' as it is undefined.
22.08.2025, 19:57:06 + "
" [ERROR] + "
" (printf.js:11): Cannot destructure property 'email' of 'req.body.data' as it is undefined.
22.08.2025, 19:58:06 + "
" [ERROR] + "
" (printf.js:11): Cannot destructure property 'email' of 'req.body.data' as it is undefined.
22.08.2025, 19:58:06 + "
" [ERROR] + "
" (printf.js:11): Cannot destructure property 'email' of 'req.body.data' as it is undefined.
22.08.2025, 19:59:31 + "
" [ERROR] + "
" (printf.js:11): Cannot destructure property 'email' of 'req.body.data' as it is undefined.
22.08.2025, 19:59:31 + "
" [ERROR] + "
" (printf.js:11): Cannot destructure property 'email' of 'req.body.data' as it is undefined.
22.08.2025, 19:59:59 + "
" [ERROR] + "
" (printf.js:11): "username" is required
22.08.2025, 20:00:20 + "
" [ERROR] + "
" (printf.js:11): "username" is not allowed to be empty
22.08.2025, 20:00:26 + "
" [ERROR] + "
" (printf.js:11): duplicate key value violates unique constraint "users_email_key"
22.08.2025, 21:13:44 + "
" [ERROR] + "
" (printf.js:11): duplicate key value violates unique constraint "users_email_key"
22.08.2025, 21:14:42 + "
" [ERROR] + "
" (printf.js:11): duplicate key value violates unique constraint "users_email_key"
22.08.2025, 21:14:46 + "
" [ERROR] + "
" (printf.js:11): duplicate key value violates unique constraint "users_email_key"
22.08.2025, 21:14:52 + "
" [ERROR] + "
" (printf.js:11): duplicate key value violates unique constraint "users_email_key"
22.08.2025, 21:14:55 + "
" [ERROR] + "
" (printf.js:11): duplicate key value violates unique constraint "users_email_key"
22.08.2025, 21:15:25 + "
" [ERROR] + "
" (printf.js:11): duplicate key value violates unique constraint "users_email_key"
22.08.2025, 21:16:09 + "
" [ERROR] + "
" (printf.js:11): duplicate key value violates unique constraint "users_email_key"
22.08.2025, 21:16:20 + "
" [ERROR] + "
" (printf.js:11): duplicate key value violates unique constraint "users_email_key"
22.08.2025, 21:16:24 + "
" [ERROR] + "
" (printf.js:11): duplicate key value violates unique constraint "users_email_key"
22.08.2025, 21:16:44 + "
" [ERROR] + "
" (printf.js:11): duplicate key value violates unique constraint "users_email_key"
22.08.2025, 21:17:01 + "
" [ERROR] + "
" (printf.js:11): duplicate key value violates unique constraint "users_email_key"
22.08.2025, 21:21:00 + "
" [ERROR] + "
" (printf.js:11): duplicate key value violates unique constraint "users_email_key"
22.08.2025, 21:21:02 + "
" [ERROR] + "
" (printf.js:11): duplicate key value violates unique constraint "users_email_key"
22.08.2025, 21:21:30 + "
" [ERROR] + "
" (printf.js:11): duplicate key value violates unique constraint "users_email_key"
22.08.2025, 21:21:49 + "
" [ERROR] + "
" (printf.js:11): duplicate key value violates unique constraint "users_email_key"
22.08.2025, 21:22:03 + "
" [ERROR] + "
" (printf.js:11): duplicate key value violates unique constraint "users_email_key"
22.08.2025, 21:22:22 + "
" [ERROR] + "
" (printf.js:11): duplicate key value violates unique constraint "users_email_key"
22.08.2025, 21:22:27 + "
" [ERROR] + "
" (printf.js:11): duplicate key value violates unique constraint "users_email_key"
22.08.2025, 21:22:59 + "
" [ERROR] + "
" (printf.js:11): duplicate key value violates unique constraint "users_email_key"
22.08.2025, 21:31:30 + "
" [ERROR] + "
" (printf.js:11): Cannot read properties of undefined (reading 'split')
22.08.2025, 21:32:03 + "
" [ERROR] + "
" (printf.js:11): Cannot read properties of undefined (reading 'split')
22.08.2025, 21:33:30 + "
" [ERROR] + "
" (printf.js:11): Cannot read properties of undefined (reading 'split')
22.08.2025, 21:39:16 + "
" [ERROR] + "
" (printf.js:11): Cannot read properties of undefined (reading 'split')
23.08.2025, 11:26:17 + "
" [ERROR] + "
" (printf.js:11): duplicate key value violates unique constraint "users_email_key"
23.08.2025, 11:26:52 + "
" [ERROR] + "
" (printf.js:11): duplicate key value violates unique constraint "users_email_key"
23.08.2025, 11:27:56 + "
" [ERROR] + "
" (printf.js:11): duplicate key value violates unique constraint "users_email_key"
23.08.2025, 11:28:17 + "
" [ERROR] + "
" (printf.js:11): duplicate key value violates unique constraint "users_email_key"
23.08.2025, 11:46:44 + "
" [ERROR] + "
" (printf.js:11): duplicate key value violates unique constraint "users_email_key"
23.08.2025, 11:47:40 + "
" [ERROR] + "
" (printf.js:11): duplicate key value violates unique constraint "users_email_key"
23.08.2025, 11:49:12 + "
" [ERROR] + "
" (printf.js:11): duplicate key value violates unique constraint "users_email_key"
23.08.2025, 11:50:48 + "
" [ERROR] + "
" (printf.js:11): duplicate key value violates unique constraint "users_email_key"
23.08.2025, 11:51:33 + "
" [ERROR] + "
" (printf.js:11): duplicate key value violates unique constraint "users_email_key"
23.08.2025, 11:52:39 + "
" [ERROR] + "
" (printf.js:11): duplicate key value violates unique constraint "users_email_key"
23.08.2025, 11:52:59 + "
" [ERROR] + "
" (printf.js:11): duplicate key value violates unique constraint "users_email_key"
23.08.2025, 11:53:02 + "
" [ERROR] + "
" (printf.js:11): duplicate key value violates unique constraint "users_email_key"
23.08.2025, 11:57:46 + "
" [ERROR] + "
" (printf.js:11): duplicate key value violates unique constraint "users_email_key"
23.08.2025, 11:58:44 + "
" [ERROR] + "
" (printf.js:11): duplicate key value violates unique constraint "users_email_key"
23.08.2025, 11:59:06 + "
" [ERROR] + "
" (printf.js:11): duplicate key value violates unique constraint "users_email_key"
23.08.2025, 11:59:29 + "
" [ERROR] + "
" (printf.js:11): duplicate key value violates unique constraint "users_email_key"
23.08.2025, 12:00:16 + "
" [ERROR] + "
" (printf.js:11): duplicate key value violates unique constraint "users_email_key"
23.08.2025, 12:00:58 + "
" [ERROR] + "
" (printf.js:11): duplicate key value violates unique constraint "users_email_key"
23.08.2025, 12:01:02 + "
" [ERROR] + "
" (printf.js:11): duplicate key value violates unique constraint "users_email_key"
23.08.2025, 12:02:42 + "
" [ERROR] + "
" (printf.js:11): duplicate key value violates unique constraint "users_email_key"
23.08.2025, 12:04:39 + "
" [ERROR] + "
" (printf.js:11): duplicate key value violates unique constraint "users_email_key"
23.08.2025, 12:07:17 + "
" [ERROR] + "
" (printf.js:11): duplicate key value violates unique constraint "users_email_key"
23.08.2025, 12:07:44 + "
" [ERROR] + "
" (printf.js:11): duplicate key value violates unique constraint "users_email_key"
23.08.2025, 12:08:43 + "
" [ERROR] + "
" (printf.js:11): duplicate key value violates unique constraint "users_email_key"
23.08.2025, 12:17:20 + "
" [ERROR] + "
" (printf.js:11): duplicate key value violates unique constraint "users_email_key"
23.08.2025, 12:18:37 + "
" [ERROR] + "
" (printf.js:11): duplicate key value violates unique constraint "users_email_key"
23.08.2025, 12:18:38 + "
" [ERROR] + "
" (printf.js:11): duplicate key value violates unique constraint "users_email_key"
23.08.2025, 12:18:41 + "
" [ERROR] + "
" (printf.js:11): duplicate key value violates unique constraint "users_email_key"
23.08.2025, 12:19:16 + "
" [ERROR] + "
" (printf.js:11): duplicate key value violates unique constraint "users_email_key"
23.08.2025, 12:19:33 + "
" [ERROR] + "
" (printf.js:11): duplicate key value violates unique constraint "users_email_key"
23.08.2025, 12:22:30 + "
" [ERROR] + "
" (printf.js:11): duplicate key value violates unique constraint "users_email_key"
23.08.2025, 12:22:42 + "
" [ERROR] + "
" (printf.js:11): duplicate key value violates unique constraint "users_email_key"
23.08.2025, 12:22:47 + "
" [ERROR] + "
" (printf.js:11): duplicate key value violates unique constraint "users_email_key"
23.08.2025, 12:28:53 + "
" [ERROR] + "
" (printf.js:11): duplicate key value violates unique constraint "users_email_key"
23.08.2025, 12:29:24 + "
" [ERROR] + "
" (printf.js:11): duplicate key value violates unique constraint "users_email_key"
23.08.2025, 12:37:00 + "
" [ERROR] + "
" (printf.js:11): duplicate key value violates unique constraint "users_email_key"
23.08.2025, 12:37:38 + "
" [ERROR] + "
" (printf.js:11): duplicate key value violates unique constraint "users_email_key"
23.08.2025, 12:39:27 + "
" [ERROR] + "
" (printf.js:11): duplicate key value violates unique constraint "users_email_key"
23.08.2025, 12:40:44 + "
" [ERROR] + "
" (printf.js:11): duplicate key value violates unique constraint "users_email_key"
23.08.2025, 13:04:20 + "
" [ERROR] + "
" (printf.js:11): duplicate key value violates unique constraint "users_email_key"
24.08.2025, 10:37:56 + "
" [ERROR] + "
" (printf.js:11):  (updateUser) Возникла ошибка в updateUser: Cannot use a pool after calling end on the pool
24.08.2025, 10:38:43 + "
" [ERROR] + "
" (printf.js:11): duplicate key value violates unique constraint "users_email_key"
24.08.2025, 10:38:45 + "
" [ERROR] + "
" (printf.js:11): duplicate key value violates unique constraint "users_email_key"
24.08.2025, 13:20:02 + "
" [ERROR] + "
" (printf.js:11): Возникла ошибка в setup.js: SASL: SCRAM-SERVER-FIRST-MESSAGE: client password must be a string
24.08.2025, 13:20:02 + "
" [ERROR] + "
" (printf.js:11): Возникла ошибка в setup.js: SASL: SCRAM-SERVER-FIRST-MESSAGE: client password must be a string
24.08.2025, 13:20:02 + "
" [ERROR] + "
" (printf.js:11): Возникла ошибка в createStorageTables :  SASL: SCRAM-SERVER-FIRST-MESSAGE: client password must be a string
24.08.2025, 13:20:02 + "
" [ERROR] + "
" (printf.js:11): Возникла ошибка в setup.js: SASL: SCRAM-SERVER-FIRST-MESSAGE: client password must be a string
24.08.2025, 13:20:02 + "
" [ERROR] + "
" (printf.js:11): Возникла ошибка в addPurchase SASL: SCRAM-SERVER-FIRST-MESSAGE: client password must be a string
24.08.2025, 13:20:02 + "
" [ERROR] + "
" (printf.js:11): Возникла ошибка в createStorageTables :  SASL: SCRAM-SERVER-FIRST-MESSAGE: client password must be a string
24.08.2025, 13:20:02 + "
" [ERROR] + "
" (printf.js:11): Возникла ошибка в createStorageTables :  SASL: SCRAM-SERVER-FIRST-MESSAGE: client password must be a string
24.08.2025, 13:20:02 + "
" [ERROR] + "
" (printf.js:11): Возникла ошибка в setup.js: SASL: SCRAM-SERVER-FIRST-MESSAGE: client password must be a string
24.08.2025, 13:20:02 + "
" [ERROR] + "
" (printf.js:11): Возникла ошибка в logIn: SASL: SCRAM-SERVER-FIRST-MESSAGE: client password must be a string
24.08.2025, 13:20:02 + "
" [ERROR] + "
" (printf.js:11): Возникла ошибка в createStorageTables :  SASL: SCRAM-SERVER-FIRST-MESSAGE: client password must be a string
24.08.2025, 13:20:02 + "
" [ERROR] + "
" (printf.js:11): Возникла ошибка в setup.js: SASL: SCRAM-SERVER-FIRST-MESSAGE: client password must be a string
24.08.2025, 13:20:02 + "
" [ERROR] + "
" (printf.js:11):  (updateUser) Возникла ошибка в updateUser: SASL: SCRAM-SERVER-FIRST-MESSAGE: client password must be a string
24.08.2025, 13:20:02 + "
" [ERROR] + "
" (printf.js:11): Возникла ошибка в createStorageTables :  SASL: SCRAM-SERVER-FIRST-MESSAGE: client password must be a string
25.08.2025, 11:42:11 + "
" [ERROR] + "
" (printf.js:11): Возникла ошибка в createStorageTables :  SASL: SCRAM-SERVER-FIRST-MESSAGE: client password must be a string
25.08.2025, 11:42:11 + "
" [ERROR] + "
" (printf.js:11): Возникла ошибка в createStorageTables :  SASL: SCRAM-SERVER-FIRST-MESSAGE: client password must be a string
25.08.2025, 11:42:11 + "
" [ERROR] + "
" (printf.js:11): Возникла ошибка в createStorageTables :  SASL: SCRAM-SERVER-FIRST-MESSAGE: client password must be a string
25.08.2025, 11:42:11 + "
" [ERROR] + "
" (printf.js:11): Возникла ошибка в createStorageTables :  SASL: SCRAM-SERVER-FIRST-MESSAGE: client password must be a string
25.08.2025, 11:42:11 + "
" [ERROR] + "
" (printf.js:11): duplicate key value violates unique constraint "users_email_key"
25.08.2025, 11:54:25 + "
" [ERROR] + "
" (printf.js:11): Возникла ошибка в setup.js: SASL: SCRAM-SERVER-FIRST-MESSAGE: client password must be a string
25.08.2025, 11:54:25 + "
" [ERROR] + "
" (printf.js:11): Возникла ошибка в setup.js: SASL: SCRAM-SERVER-FIRST-MESSAGE: client password must be a string
25.08.2025, 11:54:25 + "
" [ERROR] + "
" (printf.js:11): Возникла ошибка в setup.js: SASL: SCRAM-SERVER-FIRST-MESSAGE: client password must be a string
25.08.2025, 11:54:25 + "
" [ERROR] + "
" (printf.js:11): Возникла ошибка в createStorageTables :  SASL: SCRAM-SERVER-FIRST-MESSAGE: client password must be a string
25.08.2025, 11:54:25 + "
" [ERROR] + "
" (printf.js:11): Возникла ошибка в createStorageTables :  SASL: SCRAM-SERVER-FIRST-MESSAGE: client password must be a string
25.08.2025, 11:54:25 + "
" [ERROR] + "
" (printf.js:11): Возникла ошибка в setup.js: SASL: SCRAM-SERVER-FIRST-MESSAGE: client password must be a string
25.08.2025, 11:54:25 + "
" [ERROR] + "
" (printf.js:11): Возникла ошибка в createStorageTables :  SASL: SCRAM-SERVER-FIRST-MESSAGE: client password must be a string
25.08.2025, 11:54:25 + "
" [ERROR] + "
" (printf.js:11): Возникла ошибка в logIn: SASL: SCRAM-SERVER-FIRST-MESSAGE: client password must be a string
25.08.2025, 11:54:25 + "
" [ERROR] + "
" (printf.js:11): Возникла ошибка в createStorageTables :  SASL: SCRAM-SERVER-FIRST-MESSAGE: client password must be a string
25.08.2025, 11:54:25 + "
" [ERROR] + "
" (printf.js:11):  (updateUser) Возникла ошибка в updateUser: SASL: SCRAM-SERVER-FIRST-MESSAGE: client password must be a string
25.08.2025, 11:54:25 + "
" [ERROR] + "
" (printf.js:11): Возникла ошибка в addPurchase SASL: SCRAM-SERVER-FIRST-MESSAGE: client password must be a string
25.08.2025, 11:55:17 + "
" [ERROR] + "
" (printf.js:11):  (updateUser) Возникла ошибка в updateUser: SASL: SCRAM-SERVER-FIRST-MESSAGE: client password must be a string
25.08.2025, 11:55:17 + "
" [ERROR] + "
" (printf.js:11): Возникла ошибка в addPurchase SASL: SCRAM-SERVER-FIRST-MESSAGE: client password must be a string
25.08.2025, 11:55:17 + "
" [ERROR] + "
" (printf.js:11): Возникла ошибка в setup.js: SASL: SCRAM-SERVER-FIRST-MESSAGE: client password must be a string
25.08.2025, 11:55:17 + "
" [ERROR] + "
" (printf.js:11): Возникла ошибка в setup.js: SASL: SCRAM-SERVER-FIRST-MESSAGE: client password must be a string
25.08.2025, 11:55:17 + "
" [ERROR] + "
" (printf.js:11): Возникла ошибка в logIn: SASL: SCRAM-SERVER-FIRST-MESSAGE: client password must be a string
25.08.2025, 11:55:17 + "
" [ERROR] + "
" (printf.js:11): Возникла ошибка в setup.js: SASL: SCRAM-SERVER-FIRST-MESSAGE: client password must be a string
25.08.2025, 11:55:17 + "
" [ERROR] + "
" (printf.js:11): Возникла ошибка в setup.js: SASL: SCRAM-SERVER-FIRST-MESSAGE: client password must be a string
25.08.2025, 11:55:17 + "
" [ERROR] + "
" (printf.js:11): Возникла ошибка в createStorageTables :  SASL: SCRAM-SERVER-FIRST-MESSAGE: client password must be a string
25.08.2025, 11:55:17 + "
" [ERROR] + "
" (printf.js:11): Возникла ошибка в createStorageTables :  SASL: SCRAM-SERVER-FIRST-MESSAGE: client password must be a string
25.08.2025, 11:55:17 + "
" [ERROR] + "
" (printf.js:11): Возникла ошибка в createStorageTables :  SASL: SCRAM-SERVER-FIRST-MESSAGE: client password must be a string
25.08.2025, 11:55:17 + "
" [ERROR] + "
" (printf.js:11): Возникла ошибка в createStorageTables :  SASL: SCRAM-SERVER-FIRST-MESSAGE: client password must be a string
25.08.2025, 13:07:36 + "
" [ERROR] + "
" (printf.js:11): duplicate key value violates unique constraint "users_email_key"
26.08.2025, 16:31:30 + "
" [ERROR] + "
" (printf.js:11): Возникла ошибка в addPurchase User not found
26.08.2025, 16:31:30 + "
" [ERROR] + "
" (printf.js:11):  (updateUser) Возникла ошибка в updateUser: Wrong password
26.08.2025, 17:33:51 + "
" [ERROR] + "
" (printf.js:11): Возникла ошибка в addPurchase User not found
26.08.2025, 17:33:51 + "
" [ERROR] + "
" (printf.js:11):  (updateUser) Возникла ошибка в updateUser: Wrong password
