2025-02-23T08:44:26.116Z , [ERROR] : Это ошибка!
2025-02-23T08:46:35.619Z , [ERROR] : Это ошибка!
2025-03-03T15:06:11.472Z + "
" [ERROR] + "
" (printf.js:11): Ошибка в парсере: file:///Users/nazarkuratnikov/Desktop/Project%20X%C2%A0/markcomb/src/backend/node_modules/puppeteer-core/lib/esm/puppeteer/cdp/Frame.js:180
                        ? new Error(`${response.errorText} at ${url}`)
                          ^

Error: net::ERR_INVALID_AUTH_CREDENTIALS at https://www.youtube.com/watch?v=GQCYqBzhYD4
    at navigate (file:///Users/nazarkuratnikov/Desktop/Project%20X%C2%A0/markcomb/src/backend/node_modules/puppeteer-core/lib/esm/puppeteer/cdp/Frame.js:180:27)
    at async Deferred.race (file:///Users/nazarkuratnikov/Desktop/Project%20X%C2%A0/markcomb/src/backend/node_modules/puppeteer-core/lib/esm/puppeteer/util/Deferred.js:33:20)
    at async CdpFrame.goto (file:///Users/nazarkuratnikov/Desktop/Project%20X%C2%A0/markcomb/src/backend/node_modules/puppeteer-core/lib/esm/puppeteer/cdp/Frame.js:146:25)
    at async CdpPage.goto (file:///Users/nazarkuratnikov/Desktop/Project%20X%C2%A0/markcomb/src/backend/node_modules/puppeteer-core/lib/esm/puppeteer/api/Page.js:570:20)
    at async getYouTubeKeywords (file:///Users/nazarkuratnikov/Desktop/Project%20X%C2%A0/markcomb/src/backend/parsers/tagsParser.js:81:3)
    at async tagsReceiptAutomation (file:///Users/nazarkuratnikov/Desktop/Project%20X%C2%A0/markcomb/src/backend/parsers/tagsParser.js:138:18)
    at async file:///Users/nazarkuratnikov/Desktop/Project%20X%C2%A0/markcomb/src/backend/parsers/tagsParser.js:155:3

Node.js v20.17.0

03.03.2025, 18:13:29 + "
" [ERROR] + "
" (printf.js:11): Ошибка в парсере: file:///Users/nazarkuratnikov/Desktop/Project%20X%C2%A0/markcomb/src/backend/node_modules/puppeteer-core/lib/esm/puppeteer/cdp/Frame.js:180
                        ? new Error(`${response.errorText} at ${url}`)
                          ^

Error: net::ERR_INVALID_AUTH_CREDENTIALS at https://www.youtube.com/watch?v=GQCYqBzhYD4
    at navigate (file:///Users/nazarkuratnikov/Desktop/Project%20X%C2%A0/markcomb/src/backend/node_modules/puppeteer-core/lib/esm/puppeteer/cdp/Frame.js:180:27)
    at async Deferred.race (file:///Users/nazarkuratnikov/Desktop/Project%20X%C2%A0/markcomb/src/backend/node_modules/puppeteer-core/lib/esm/puppeteer/util/Deferred.js:33:20)
    at async CdpFrame.goto (file:///Users/nazarkuratnikov/Desktop/Project%20X%C2%A0/markcomb/src/backend/node_modules/puppeteer-core/lib/esm/puppeteer/cdp/Frame.js:146:25)
    at async CdpPage.goto (file:///Users/nazarkuratnikov/Desktop/Project%20X%C2%A0/markcomb/src/backend/node_modules/puppeteer-core/lib/esm/puppeteer/api/Page.js:570:20)
    at async getYouTubeKeywords (file:///Users/nazarkuratnikov/Desktop/Project%20X%C2%A0/markcomb/src/backend/parsers/tagsParser.js:81:3)
    at async tagsReceiptAutomation (file:///Users/nazarkuratnikov/Desktop/Project%20X%C2%A0/markcomb/src/backend/parsers/tagsParser.js:138:18)
    at async file:///Users/nazarkuratnikov/Desktop/Project%20X%C2%A0/markcomb/src/backend/parsers/tagsParser.js:155:3

Node.js v20.17.0

03.03.2025, 18:16:22 + "
" [ERROR] + "
" (printf.js:11): Ошибка в парсере тэгов: file:///Users/nazarkuratnikov/Desktop/Project%20X%C2%A0/markcomb/src/backend/node_modules/puppeteer-core/lib/esm/puppeteer/cdp/Frame.js:180
                        ? new Error(`${response.errorText} at ${url}`)
                          ^

Error: net::ERR_INVALID_AUTH_CREDENTIALS at https://www.youtube.com/watch?v=GQCYqBzhYD4
    at navigate (file:///Users/nazarkuratnikov/Desktop/Project%20X%C2%A0/markcomb/src/backend/node_modules/puppeteer-core/lib/esm/puppeteer/cdp/Frame.js:180:27)
    at async Deferred.race (file:///Users/nazarkuratnikov/Desktop/Project%20X%C2%A0/markcomb/src/backend/node_modules/puppeteer-core/lib/esm/puppeteer/util/Deferred.js:33:20)
    at async CdpFrame.goto (file:///Users/nazarkuratnikov/Desktop/Project%20X%C2%A0/markcomb/src/backend/node_modules/puppeteer-core/lib/esm/puppeteer/cdp/Frame.js:146:25)
    at async CdpPage.goto (file:///Users/nazarkuratnikov/Desktop/Project%20X%C2%A0/markcomb/src/backend/node_modules/puppeteer-core/lib/esm/puppeteer/api/Page.js:570:20)
    at async getYouTubeKeywords (file:///Users/nazarkuratnikov/Desktop/Project%20X%C2%A0/markcomb/src/backend/parsers/tagsParser.js:81:3)
    at async tagsReceiptAutomation (file:///Users/nazarkuratnikov/Desktop/Project%20X%C2%A0/markcomb/src/backend/parsers/tagsParser.js:138:18)
    at async file:///Users/nazarkuratnikov/Desktop/Project%20X%C2%A0/markcomb/src/backend/parsers/tagsParser.js:155:3

Node.js v20.17.0

06.03.2025, 20:08:34 + "
" [ERROR] + "
" (printf.js:11): Ошибка: Unexpected token '"', ""osirisgan"... is not valid JSON
06.03.2025, 20:14:37 + "
" [ERROR] + "
" (printf.js:11): Ошибка: Unexpected token '"', ""osirisgan"... is not valid JSON
06.03.2025, 21:31:07 + "
" [ERROR] + "
" (printf.js:11): Ошибка: Unexpected token '"', ""osirisgan"... is not valid JSON
06.03.2025, 21:33:01 + "
" [ERROR] + "
" (printf.js:11): Ошибка: Unexpected token '"', ""osirisgan"... is not valid JSON
06.03.2025, 21:33:47 + "
" [ERROR] + "
" (printf.js:11): Ошибка: Unexpected token '"', ""osirisgan"... is not valid JSON
06.03.2025, 21:34:30 + "
" [ERROR] + "
" (printf.js:11): Ошибка: Unexpected token '"', ""osirisgan"... is not valid JSON
06.03.2025, 21:34:40 + "
" [ERROR] + "
" (printf.js:11): Ошибка: Unexpected token '"', ""osirisgan"... is not valid JSON
06.03.2025, 22:48:30 + "
" [ERROR] + "
" (printf.js:11): Ошибка: Unexpected token '"', ""osirisgan"... is not valid JSON
